<?xml version="1.0" encoding="UTF-8"?>
<testng-results ignored="0" total="1" passed="1" failed="0" skipped="0">
  <reporter-output>
  </reporter-output>
  <suite started-at="2026-05-17T12:16:34 EDT" name="Default suite" finished-at="2026-05-17T12:17:04 EDT" duration-ms="30528">
    <groups>
    </groups>
    <test started-at="2026-05-17T12:16:34 EDT" name="Default test" finished-at="2026-05-17T12:17:04 EDT" duration-ms="30528">
      <class name="tests.RegisterPageTest">
        <test-method signature="registerPageTest()[pri:0, instance:tests.RegisterPageTest@661972b0]" started-at="2026-05-17T12:16:34 EDT" name="registerPageTest" finished-at="2026-05-17T12:17:04 EDT" duration-ms="30486" status="PASS">
          <reporter-output>
          </reporter-output>
        </test-method> <!-- registerPageTest -->
      </class> <!-- tests.RegisterPageTest -->
    </test> <!-- Default test -->
  </suite> <!-- Default suite -->
</testng-results>
